{"level":"error","message":"testing!","service":"acquisitions-api","timestamp":"2025-10-01T09:25:23.795Z"}
{"level":"info","message":"testing!","service":"acquisitions-api","timestamp":"2025-10-01T09:25:23.797Z"}
{"level":"error","message":"testing!","service":"acquisitions-api","timestamp":"2025-10-01T09:25:24.188Z"}
{"level":"info","message":"testing!","service":"acquisitions-api","timestamp":"2025-10-01T09:25:24.190Z"}
{"level":"info","message":"::1 - - [04/Oct/2025:08:44:21 +0000] \"POST /auth/phone/send-otp HTTP/1.1\" 404 159 \"-\" \"PostmanRuntime/7.37.3\"","service":"acquisitions-api","timestamp":"2025-10-04T08:44:21.240Z"}
{"level":"info","message":"::1 - - [04/Oct/2025:08:45:13 +0000] \"POST /auth/phone/send-otp HTTP/1.1\" 404 159 \"-\" \"PostmanRuntime/7.37.3\"","service":"acquisitions-api","timestamp":"2025-10-04T08:45:13.245Z"}
{"level":"info","message":"::1 - - [04/Oct/2025:08:48:00 +0000] \"POST /auth/phone/send-otp HTTP/1.1\" 401 30 \"-\" \"PostmanRuntime/7.37.3\"","service":"acquisitions-api","timestamp":"2025-10-04T08:48:00.989Z"}
{"level":"info","message":"::1 - - [04/Oct/2025:08:48:12 +0000] \"POST /auth/phone/send-otp HTTP/1.1\" 500 1716 \"-\" \"PostmanRuntime/7.37.3\"","service":"acquisitions-api","timestamp":"2025-10-04T08:48:12.465Z"}
{"level":"info","message":"::1 - - [04/Oct/2025:08:50:15 +0000] \"POST /auth/phone/send-otp HTTP/1.1\" 500 1716 \"-\" \"PostmanRuntime/7.37.3\"","service":"acquisitions-api","timestamp":"2025-10-04T08:50:15.250Z"}
{"level":"info","message":"::1 - - [04/Oct/2025:08:51:34 +0000] \"POST /auth/phone/send-otp HTTP/1.1\" 500 1902 \"-\" \"PostmanRuntime/7.37.3\"","service":"acquisitions-api","timestamp":"2025-10-04T08:51:34.120Z"}
{"level":"info","message":"::1 - - [04/Oct/2025:08:54:17 +0000] \"POST /auth/phone/send-otp HTTP/1.1\" 500 1902 \"-\" \"PostmanRuntime/7.37.3\"","service":"acquisitions-api","timestamp":"2025-10-04T08:54:17.892Z"}
{"level":"info","message":"::1 - - [04/Oct/2025:08:54:31 +0000] \"POST /auth/phone/send-otp HTTP/1.1\" 200 29 \"-\" \"PostmanRuntime/7.37.3\"","service":"acquisitions-api","timestamp":"2025-10-04T08:54:31.561Z"}
{"level":"info","message":"::1 - - [04/Oct/2025:08:54:41 +0000] \"POST /auth/phone/send-otp HTTP/1.1\" 500 1803 \"-\" \"PostmanRuntime/7.37.3\"","service":"acquisitions-api","timestamp":"2025-10-04T08:54:41.252Z"}
{"level":"info","message":"::1 - - [04/Oct/2025:08:55:28 +0000] \"POST /auth/phone/send-otp HTTP/1.1\" 200 183 \"-\" \"PostmanRuntime/7.37.3\"","service":"acquisitions-api","timestamp":"2025-10-04T08:55:28.160Z"}
{"level":"info","message":"::1 - - [04/Oct/2025:09:18:51 +0000] \"POST /auth/phone/send-otp HTTP/1.1\" 401 183 \"-\" \"PostmanRuntime/7.37.3\"","service":"acquisitions-api","timestamp":"2025-10-04T09:18:51.953Z"}
{"level":"info","message":"::1 - - [04/Oct/2025:09:19:05 +0000] \"POST /auth/phone/send-otp HTTP/1.1\" 500 184 \"-\" \"PostmanRuntime/7.37.3\"","service":"acquisitions-api","timestamp":"2025-10-04T09:19:05.003Z"}
{"level":"info","message":"::1 - - [04/Oct/2025:09:21:50 +0000] \"POST /auth/phone/send-otp HTTP/1.1\" 500 186 \"-\" \"PostmanRuntime/7.37.3\"","service":"acquisitions-api","timestamp":"2025-10-04T09:21:50.580Z"}
{"level":"info","message":"::1 - - [04/Oct/2025:09:23:46 +0000] \"POST /auth/phone/send-otp HTTP/1.1\" 500 186 \"-\" \"PostmanRuntime/7.37.3\"","service":"acquisitions-api","timestamp":"2025-10-04T09:23:46.083Z"}
{"level":"info","message":"::1 - - [04/Oct/2025:09:25:19 +0000] \"POST /auth/phone/send-otp HTTP/1.1\" 500 164 \"-\" \"PostmanRuntime/7.37.3\"","service":"acquisitions-api","timestamp":"2025-10-04T09:25:19.099Z"}
{"level":"info","message":"::1 - - [04/Oct/2025:09:25:42 +0000] \"POST /auth/phone/send-otp HTTP/1.1\" 500 186 \"-\" \"PostmanRuntime/7.37.3\"","service":"acquisitions-api","timestamp":"2025-10-04T09:25:42.705Z"}
{"level":"info","message":"::1 - - [04/Oct/2025:09:26:35 +0000] \"POST /auth/phone/send-otp HTTP/1.1\" 500 186 \"-\" \"PostmanRuntime/7.37.3\"","service":"acquisitions-api","timestamp":"2025-10-04T09:26:35.934Z"}
{"level":"info","message":"::1 - - [04/Oct/2025:09:26:36 +0000] \"POST /auth/phone/send-otp HTTP/1.1\" 500 186 \"-\" \"PostmanRuntime/7.37.3\"","service":"acquisitions-api","timestamp":"2025-10-04T09:26:36.378Z"}
{"level":"info","message":"::1 - - [04/Oct/2025:09:26:36 +0000] \"POST /auth/phone/send-otp HTTP/1.1\" 500 186 \"-\" \"PostmanRuntime/7.37.3\"","service":"acquisitions-api","timestamp":"2025-10-04T09:26:36.809Z"}
{"level":"info","message":"::1 - - [04/Oct/2025:09:26:37 +0000] \"POST /auth/phone/send-otp HTTP/1.1\" 500 186 \"-\" \"PostmanRuntime/7.37.3\"","service":"acquisitions-api","timestamp":"2025-10-04T09:26:37.487Z"}
{"level":"info","message":"::1 - - [04/Oct/2025:09:28:15 +0000] \"POST /auth/phone/send-otp HTTP/1.1\" 500 186 \"-\" \"PostmanRuntime/7.37.3\"","service":"acquisitions-api","timestamp":"2025-10-04T09:28:15.768Z"}
{"level":"info","message":"::1 - - [04/Oct/2025:09:28:18 +0000] \"POST /auth/phone/send-otp HTTP/1.1\" 500 186 \"-\" \"PostmanRuntime/7.37.3\"","service":"acquisitions-api","timestamp":"2025-10-04T09:28:18.178Z"}
{"level":"info","message":"::1 - - [04/Oct/2025:09:33:08 +0000] \"POST /auth/phone/send-otp HTTP/1.1\" 500 164 \"-\" \"PostmanRuntime/7.37.3\"","service":"acquisitions-api","timestamp":"2025-10-04T09:33:08.677Z"}
{"level":"info","message":"::1 - - [04/Oct/2025:09:33:37 +0000] \"POST /auth/phone/send-otp HTTP/1.1\" 500 164 \"-\" \"PostmanRuntime/7.37.3\"","service":"acquisitions-api","timestamp":"2025-10-04T09:33:37.848Z"}
{"level":"info","message":"::1 - - [04/Oct/2025:09:33:38 +0000] \"POST /auth/phone/send-otp HTTP/1.1\" 500 164 \"-\" \"PostmanRuntime/7.37.3\"","service":"acquisitions-api","timestamp":"2025-10-04T09:33:38.614Z"}
{"level":"info","message":"::1 - - [04/Oct/2025:09:34:21 +0000] \"POST /auth/phone/send-otp HTTP/1.1\" 500 164 \"-\" \"PostmanRuntime/7.37.3\"","service":"acquisitions-api","timestamp":"2025-10-04T09:34:21.013Z"}
{"level":"info","message":"::1 - - [04/Oct/2025:09:34:48 +0000] \"POST /auth/phone/send-otp HTTP/1.1\" 500 139 \"-\" \"PostmanRuntime/7.37.3\"","service":"acquisitions-api","timestamp":"2025-10-04T09:34:48.180Z"}
{"level":"info","message":"::1 - - [04/Oct/2025:09:34:49 +0000] \"POST /auth/phone/send-otp HTTP/1.1\" 500 139 \"-\" \"PostmanRuntime/7.37.3\"","service":"acquisitions-api","timestamp":"2025-10-04T09:34:49.428Z"}
{"level":"info","message":"::1 - - [04/Oct/2025:09:35:01 +0000] \"POST /auth/phone/send-otp HTTP/1.1\" 500 114 \"-\" \"PostmanRuntime/7.37.3\"","service":"acquisitions-api","timestamp":"2025-10-04T09:35:01.757Z"}
{"level":"info","message":"::1 - - [04/Oct/2025:09:39:41 +0000] \"GET /auth/phone HTTP/1.1\" 500 457 \"-\" \"PostmanRuntime/7.37.3\"","service":"acquisitions-api","timestamp":"2025-10-04T09:39:41.640Z"}
{"level":"info","message":"::1 - - [04/Oct/2025:09:40:53 +0000] \"GET /auth/phone HTTP/1.1\" 500 1614 \"-\" \"PostmanRuntime/7.37.3\"","service":"acquisitions-api","timestamp":"2025-10-04T09:40:53.822Z"}
{"level":"info","message":"::1 - - [04/Oct/2025:09:41:26 +0000] \"GET /auth/phone HTTP/1.1\" 500 1582 \"-\" \"PostmanRuntime/7.37.3\"","service":"acquisitions-api","timestamp":"2025-10-04T09:41:26.826Z"}
{"level":"info","message":"::1 - - [04/Oct/2025:09:41:46 +0000] \"GET /auth/phone HTTP/1.1\" 500 548 \"-\" \"PostmanRuntime/7.37.3\"","service":"acquisitions-api","timestamp":"2025-10-04T09:41:46.736Z"}
{"level":"info","message":"::1 - - [04/Oct/2025:09:51:20 +0000] \"GET /auth/phone HTTP/1.1\" 500 626 \"-\" \"PostmanRuntime/7.37.3\"","service":"acquisitions-api","timestamp":"2025-10-04T09:51:20.089Z"}
{"level":"info","message":"::1 - - [04/Oct/2025:09:51:21 +0000] \"GET /auth/phone HTTP/1.1\" 500 626 \"-\" \"PostmanRuntime/7.37.3\"","service":"acquisitions-api","timestamp":"2025-10-04T09:51:21.462Z"}
{"level":"info","message":"::1 - - [04/Oct/2025:09:56:40 +0000] \"GET /auth/phone HTTP/1.1\" 500 626 \"-\" \"PostmanRuntime/7.37.3\"","service":"acquisitions-api","timestamp":"2025-10-04T09:56:40.316Z"}
{"level":"info","message":"::1 - - [04/Oct/2025:09:57:00 +0000] \"GET /auth/phone HTTP/1.1\" 500 626 \"-\" \"PostmanRuntime/7.37.3\"","service":"acquisitions-api","timestamp":"2025-10-04T09:57:00.067Z"}
{"level":"info","message":"::1 - - [04/Oct/2025:10:00:53 +0000] \"GET /auth/phone HTTP/1.1\" 500 626 \"-\" \"PostmanRuntime/7.37.3\"","service":"acquisitions-api","timestamp":"2025-10-04T10:00:53.342Z"}
{"level":"info","message":"::1 - - [04/Oct/2025:10:00:54 +0000] \"GET /auth/phone HTTP/1.1\" 500 626 \"-\" \"PostmanRuntime/7.37.3\"","service":"acquisitions-api","timestamp":"2025-10-04T10:00:54.256Z"}
{"level":"info","message":"::1 - - [04/Oct/2025:10:07:00 +0000] \"POST /auth/phone/send-otp HTTP/1.1\" 400 72 \"-\" \"PostmanRuntime/7.37.3\"","service":"acquisitions-api","timestamp":"2025-10-04T10:07:00.825Z"}
{"level":"info","message":"::1 - - [04/Oct/2025:10:07:24 +0000] \"POST /auth/phone/send-otp HTTP/1.1\" 400 72 \"-\" \"PostmanRuntime/7.37.3\"","service":"acquisitions-api","timestamp":"2025-10-04T10:07:24.811Z"}
{"level":"info","message":"::1 - - [04/Oct/2025:10:07:39 +0000] \"POST /auth/phone/send-otp HTTP/1.1\" 201 2 \"-\" \"PostmanRuntime/7.37.3\"","service":"acquisitions-api","timestamp":"2025-10-04T10:07:39.871Z"}
{"level":"info","message":"::1 - - [04/Oct/2025:10:23:30 +0000] \"POST /auth/phone/send-otp HTTP/1.1\" 401 30 \"-\" \"PostmanRuntime/7.37.3\"","service":"acquisitions-api","timestamp":"2025-10-04T10:23:30.458Z"}
{"level":"info","message":"::1 - - [04/Oct/2025:10:23:41 +0000] \"POST /auth/phone/send-otp HTTP/1.1\" 401 254 \"-\" \"PostmanRuntime/7.37.3\"","service":"acquisitions-api","timestamp":"2025-10-04T10:23:41.107Z"}
{"level":"info","message":"::1 - - [04/Oct/2025:10:31:09 +0000] \"POST /auth/phone/verify HTTP/1.1\" 401 442 \"-\" \"PostmanRuntime/7.37.3\"","service":"acquisitions-api","timestamp":"2025-10-04T10:31:09.921Z"}
{"level":"info","message":"::1 - - [04/Oct/2025:10:31:35 +0000] \"POST /auth/phone/verify HTTP/1.1\" 401 249 \"-\" \"PostmanRuntime/7.37.3\"","service":"acquisitions-api","timestamp":"2025-10-04T10:31:35.960Z"}
{"level":"info","message":"::1 - - [04/Oct/2025:10:31:46 +0000] \"POST /auth/phone/verify HTTP/1.1\" 500 2 \"-\" \"PostmanRuntime/7.37.3\"","service":"acquisitions-api","timestamp":"2025-10-04T10:31:46.836Z"}
{"level":"info","message":"::1 - - [04/Oct/2025:10:32:35 +0000] \"POST /auth/phone/verify HTTP/1.1\" 500 2 \"-\" \"PostmanRuntime/7.37.3\"","service":"acquisitions-api","timestamp":"2025-10-04T10:32:35.476Z"}
{"level":"info","message":"::1 - - [04/Oct/2025:10:32:44 +0000] \"POST /auth/phone/verify HTTP/1.1\" 700 2 \"-\" \"PostmanRuntime/7.37.3\"","service":"acquisitions-api","timestamp":"2025-10-04T10:32:44.233Z"}
{"level":"info","message":"::1 - - [04/Oct/2025:10:32:50 +0000] \"POST /auth/phone/verify HTTP/1.1\" 500 2 \"-\" \"PostmanRuntime/7.37.3\"","service":"acquisitions-api","timestamp":"2025-10-04T10:32:50.412Z"}
{"level":"info","message":"::1 - - [04/Oct/2025:10:33:23 +0000] \"POST /auth/phone/verify HTTP/1.1\" 200 358 \"-\" \"PostmanRuntime/7.37.3\"","service":"acquisitions-api","timestamp":"2025-10-04T10:33:23.451Z"}
{"level":"info","message":"::1 - - [04/Oct/2025:10:34:52 +0000] \"POST /auth/phone/verify HTTP/1.1\" 200 358 \"-\" \"PostmanRuntime/7.37.3\"","service":"acquisitions-api","timestamp":"2025-10-04T10:34:52.369Z"}
{"level":"info","message":"::1 - - [04/Oct/2025:10:35:09 +0000] \"POST /auth/phone/verify HTTP/1.1\" 200 2 \"-\" \"PostmanRuntime/7.37.3\"","service":"acquisitions-api","timestamp":"2025-10-04T10:35:09.068Z"}
{"level":"info","message":"::1 - - [04/Oct/2025:10:35:38 +0000] \"POST /auth/phone/verify HTTP/1.1\" 200 2 \"-\" \"PostmanRuntime/7.37.3\"","service":"acquisitions-api","timestamp":"2025-10-04T10:35:38.053Z"}
{"level":"info","message":"::1 - - [04/Oct/2025:10:35:46 +0000] \"POST /auth/phone/verify HTTP/1.1\" 401 2 \"-\" \"PostmanRuntime/7.37.3\"","service":"acquisitions-api","timestamp":"2025-10-04T10:35:46.741Z"}
{"level":"info","message":"::1 - - [04/Oct/2025:10:37:03 +0000] \"POST /auth/phone/verify HTTP/1.1\" 500 2 \"-\" \"PostmanRuntime/7.37.3\"","service":"acquisitions-api","timestamp":"2025-10-04T10:37:03.961Z"}
{"level":"info","message":"::1 - - [04/Oct/2025:10:39:54 +0000] \"POST /auth/phone/verify HTTP/1.1\" 500 2 \"-\" \"PostmanRuntime/7.37.3\"","service":"acquisitions-api","timestamp":"2025-10-04T10:39:54.509Z"}
{"level":"info","message":"::1 - - [04/Oct/2025:10:54:24 +0000] \"POST /auth/phone/verify HTTP/1.1\" 500 2 \"-\" \"PostmanRuntime/7.37.3\"","service":"acquisitions-api","timestamp":"2025-10-04T10:54:24.104Z"}
{"level":"info","message":"::1 - - [04/Oct/2025:10:58:26 +0000] \"POST /auth/phone/verify HTTP/1.1\" 500 2 \"-\" \"PostmanRuntime/7.37.3\"","service":"acquisitions-api","timestamp":"2025-10-04T10:58:26.525Z"}
{"level":"info","message":"::1 - - [04/Oct/2025:10:59:18 +0000] \"POST /auth/phone/verify HTTP/1.1\" 500 2 \"-\" \"PostmanRuntime/7.37.3\"","service":"acquisitions-api","timestamp":"2025-10-04T10:59:18.868Z"}
{"level":"info","message":"::1 - - [04/Oct/2025:10:59:45 +0000] \"POST /auth/phone/verify HTTP/1.1\" 500 2 \"-\" \"PostmanRuntime/7.37.3\"","service":"acquisitions-api","timestamp":"2025-10-04T10:59:45.915Z"}
{"level":"info","message":"::1 - - [04/Oct/2025:11:00:10 +0000] \"POST /auth/phone/verify HTTP/1.1\" 500 2 \"-\" \"PostmanRuntime/7.37.3\"","service":"acquisitions-api","timestamp":"2025-10-04T11:00:10.319Z"}
{"level":"info","message":"::1 - - [04/Oct/2025:11:00:20 +0000] \"POST /auth/phone/verify HTTP/1.1\" 500 2 \"-\" \"PostmanRuntime/7.37.3\"","service":"acquisitions-api","timestamp":"2025-10-04T11:00:20.696Z"}
{"level":"info","message":"::1 - - [04/Oct/2025:11:00:51 +0000] \"POST /auth/phone/verify HTTP/1.1\" 500 2 \"-\" \"PostmanRuntime/7.37.3\"","service":"acquisitions-api","timestamp":"2025-10-04T11:00:51.825Z"}
{"level":"info","message":"::1 - - [04/Oct/2025:11:02:12 +0000] \"POST /auth/phone/verify HTTP/1.1\" 400 2 \"-\" \"PostmanRuntime/7.37.3\"","service":"acquisitions-api","timestamp":"2025-10-04T11:02:12.038Z"}
{"level":"info","message":"::1 - - [04/Oct/2025:11:02:35 +0000] \"POST /auth/phone/verify HTTP/1.1\" 400 2 \"-\" \"PostmanRuntime/7.37.3\"","service":"acquisitions-api","timestamp":"2025-10-04T11:02:35.102Z"}
{"level":"info","message":"::1 - - [04/Oct/2025:11:02:54 +0000] \"POST /auth/phone/verify HTTP/1.1\" 200 358 \"-\" \"PostmanRuntime/7.37.3\"","service":"acquisitions-api","timestamp":"2025-10-04T11:02:54.323Z"}
{"level":"info","message":"::1 - - [04/Oct/2025:11:03:10 +0000] \"POST /auth/phone/verify HTTP/1.1\" 400 2 \"-\" \"PostmanRuntime/7.37.3\"","service":"acquisitions-api","timestamp":"2025-10-04T11:03:10.216Z"}
{"level":"info","message":"::1 - - [04/Oct/2025:11:03:19 +0000] \"POST /auth/phone/verify HTTP/1.1\" 400 42 \"-\" \"PostmanRuntime/7.37.3\"","service":"acquisitions-api","timestamp":"2025-10-04T11:03:19.107Z"}
{"level":"info","message":"::1 - - [04/Oct/2025:11:03:30 +0000] \"POST /auth/phone/verify HTTP/1.1\" 400 13 \"-\" \"PostmanRuntime/7.37.3\"","service":"acquisitions-api","timestamp":"2025-10-04T11:03:30.446Z"}
{"level":"info","message":"::1 - - [04/Oct/2025:11:22:56 +0000] \"POST /auth/phone/verify HTTP/1.1\" 200 118 \"-\" \"PostmanRuntime/7.37.3\"","service":"acquisitions-api","timestamp":"2025-10-04T11:22:56.810Z"}
{"level":"info","message":"::1 - - [04/Oct/2025:11:23:06 +0000] \"POST /auth/phone/verify HTTP/1.1\" 200 358 \"-\" \"PostmanRuntime/7.37.3\"","service":"acquisitions-api","timestamp":"2025-10-04T11:23:06.017Z"}
{"level":"info","message":"::1 - - [04/Oct/2025:11:28:59 +0000] \"POST /auth/phone/verify HTTP/1.1\" 200 120 \"-\" \"PostmanRuntime/7.37.3\"","service":"acquisitions-api","timestamp":"2025-10-04T11:28:59.071Z"}
{"level":"info","message":"::1 - - [04/Oct/2025:11:31:24 +0000] \"POST /auth/phone/verify HTTP/1.1\" 200 5 \"-\" \"PostmanRuntime/7.37.3\"","service":"acquisitions-api","timestamp":"2025-10-04T11:31:24.535Z"}
{"level":"info","message":"::1 - - [04/Oct/2025:11:32:26 +0000] \"POST /auth/phone/send-otp HTTP/1.1\" 401 30 \"-\" \"-\"","service":"acquisitions-api","timestamp":"2025-10-04T11:32:26.919Z"}
{"level":"info","message":"::1 - - [04/Oct/2025:11:32:52 +0000] \"POST /auth/phone/send-otp HTTP/1.1\" 201 2 \"-\" \"-\"","service":"acquisitions-api","timestamp":"2025-10-04T11:32:52.268Z"}
{"level":"info","message":"::1 - - [04/Oct/2025:11:33:32 +0000] \"POST /auth/phone/verify HTTP/1.1\" 200 5 \"-\" \"PostmanRuntime/7.37.3\"","service":"acquisitions-api","timestamp":"2025-10-04T11:33:32.604Z"}
{"level":"info","message":"::1 - - [04/Oct/2025:11:33:33 +0000] \"POST /auth/phone/verify HTTP/1.1\" 200 5 \"-\" \"PostmanRuntime/7.37.3\"","service":"acquisitions-api","timestamp":"2025-10-04T11:33:33.787Z"}
{"level":"info","message":"::1 - - [04/Oct/2025:11:33:59 +0000] \"POST /auth/phone/verify HTTP/1.1\" 200 5 \"-\" \"PostmanRuntime/7.37.3\"","service":"acquisitions-api","timestamp":"2025-10-04T11:33:59.173Z"}
{"level":"info","message":"::1 - - [04/Oct/2025:11:34:12 +0000] \"POST /auth/phone/verify HTTP/1.1\" 500 2 \"-\" \"PostmanRuntime/7.37.3\"","service":"acquisitions-api","timestamp":"2025-10-04T11:34:12.431Z"}
{"level":"info","message":"::1 - - [04/Oct/2025:11:34:41 +0000] \"POST /auth/phone/verify HTTP/1.1\" 200 118 \"-\" \"PostmanRuntime/7.37.3\"","service":"acquisitions-api","timestamp":"2025-10-04T11:34:41.190Z"}
{"level":"info","message":"::1 - - [04/Oct/2025:11:37:30 +0000] \"POST /auth/phone/send-otp HTTP/1.1\" 201 2 \"-\" \"-\"","service":"acquisitions-api","timestamp":"2025-10-04T11:37:30.116Z"}
{"level":"info","message":"::1 - - [04/Oct/2025:11:37:40 +0000] \"POST /auth/phone/verify HTTP/1.1\" 200 118 \"-\" \"PostmanRuntime/7.37.3\"","service":"acquisitions-api","timestamp":"2025-10-04T11:37:40.737Z"}
{"level":"info","message":"::1 - - [04/Oct/2025:11:37:42 +0000] \"POST /auth/phone/verify HTTP/1.1\" 200 118 \"-\" \"PostmanRuntime/7.37.3\"","service":"acquisitions-api","timestamp":"2025-10-04T11:37:42.824Z"}
{"level":"info","message":"::1 - - [04/Oct/2025:11:38:53 +0000] \"POST /auth/phone/send-otp HTTP/1.1\" 201 2 \"-\" \"-\"","service":"acquisitions-api","timestamp":"2025-10-04T11:38:53.451Z"}
{"level":"info","message":"::1 - - [04/Oct/2025:11:39:20 +0000] \"POST /auth/phone/send-otp HTTP/1.1\" 201 2 \"-\" \"-\"","service":"acquisitions-api","timestamp":"2025-10-04T11:39:20.889Z"}
{"level":"info","message":"::1 - - [04/Oct/2025:11:39:28 +0000] \"POST /auth/phone/send-otp HTTP/1.1\" 201 2 \"-\" \"-\"","service":"acquisitions-api","timestamp":"2025-10-04T11:39:28.393Z"}
{"level":"info","message":"::1 - - [04/Oct/2025:11:39:43 +0000] \"POST /auth/phone/send-otp HTTP/1.1\" 201 2 \"-\" \"-\"","service":"acquisitions-api","timestamp":"2025-10-04T11:39:43.757Z"}
{"level":"info","message":"::1 - - [04/Oct/2025:11:39:54 +0000] \"POST /auth/phone/send-otp HTTP/1.1\" 201 2 \"-\" \"-\"","service":"acquisitions-api","timestamp":"2025-10-04T11:39:54.895Z"}
{"level":"info","message":"::1 - - [04/Oct/2025:11:40:04 +0000] \"POST /auth/phone/send-otp HTTP/1.1\" 201 2 \"-\" \"-\"","service":"acquisitions-api","timestamp":"2025-10-04T11:40:04.974Z"}
{"level":"info","message":"::1 - - [04/Oct/2025:11:40:22 +0000] \"POST /auth/phone/send-otp HTTP/1.1\" 201 2 \"-\" \"-\"","service":"acquisitions-api","timestamp":"2025-10-04T11:40:22.991Z"}
{"level":"info","message":"::1 - - [04/Oct/2025:11:40:33 +0000] \"POST /auth/phone/send-otp HTTP/1.1\" 201 2 \"-\" \"-\"","service":"acquisitions-api","timestamp":"2025-10-04T11:40:33.794Z"}
{"level":"info","message":"::1 - - [04/Oct/2025:11:40:44 +0000] \"POST /auth/phone/send-otp HTTP/1.1\" 201 2 \"-\" \"-\"","service":"acquisitions-api","timestamp":"2025-10-04T11:40:44.092Z"}
{"level":"info","message":"::1 - - [04/Oct/2025:11:41:31 +0000] \"POST /auth/phone/send-otp HTTP/1.1\" 201 2 \"-\" \"-\"","service":"acquisitions-api","timestamp":"2025-10-04T11:41:31.210Z"}
{"level":"info","message":"::1 - - [04/Oct/2025:11:41:52 +0000] \"POST /auth/phone/send-otp HTTP/1.1\" 201 2 \"-\" \"-\"","service":"acquisitions-api","timestamp":"2025-10-04T11:41:52.055Z"}
{"level":"info","message":"::1 - - [04/Oct/2025:11:42:25 +0000] \"POST /auth/phone/send-otp HTTP/1.1\" 201 2 \"-\" \"-\"","service":"acquisitions-api","timestamp":"2025-10-04T11:42:25.129Z"}
{"level":"info","message":"::1 - - [04/Oct/2025:11:42:33 +0000] \"POST /auth/phone/send-otp HTTP/1.1\" 201 2 \"-\" \"-\"","service":"acquisitions-api","timestamp":"2025-10-04T11:42:33.180Z"}
{"level":"info","message":"::1 - - [04/Oct/2025:11:42:43 +0000] \"POST /auth/phone/send-otp HTTP/1.1\" 201 2 \"-\" \"-\"","service":"acquisitions-api","timestamp":"2025-10-04T11:42:43.549Z"}
{"level":"info","message":"::1 - - [04/Oct/2025:11:42:53 +0000] \"POST /auth/phone/send-otp HTTP/1.1\" 500 2 \"-\" \"-\"","service":"acquisitions-api","timestamp":"2025-10-04T11:42:53.051Z"}
{"level":"info","message":"::1 - - [04/Oct/2025:11:43:22 +0000] \"POST /auth/phone/send-otp HTTP/1.1\" 201 2 \"-\" \"-\"","service":"acquisitions-api","timestamp":"2025-10-04T11:43:22.629Z"}
{"level":"info","message":"::1 - - [04/Oct/2025:11:43:31 +0000] \"POST /auth/phone/send-otp HTTP/1.1\" 201 2 \"-\" \"-\"","service":"acquisitions-api","timestamp":"2025-10-04T11:43:31.649Z"}
{"level":"info","message":"::1 - - [04/Oct/2025:11:43:43 +0000] \"POST /auth/phone/send-otp HTTP/1.1\" 201 2 \"-\" \"-\"","service":"acquisitions-api","timestamp":"2025-10-04T11:43:43.226Z"}
{"level":"info","message":"::1 - - [04/Oct/2025:11:43:57 +0000] \"POST /auth/phone/send-otp HTTP/1.1\" 201 2 \"-\" \"-\"","service":"acquisitions-api","timestamp":"2025-10-04T11:43:57.627Z"}
{"level":"info","message":"::1 - - [04/Oct/2025:11:44:59 +0000] \"POST /auth/phone/send-otp HTTP/1.1\" 201 2 \"-\" \"-\"","service":"acquisitions-api","timestamp":"2025-10-04T11:44:59.592Z"}
{"level":"info","message":"::1 - - [04/Oct/2025:11:46:06 +0000] \"POST /auth/phone/send-otp HTTP/1.1\" 201 2 \"-\" \"-\"","service":"acquisitions-api","timestamp":"2025-10-04T11:46:06.573Z"}
{"level":"info","message":"::1 - - [04/Oct/2025:11:47:17 +0000] \"POST /auth/phone/send-otp HTTP/1.1\" 201 2 \"-\" \"-\"","service":"acquisitions-api","timestamp":"2025-10-04T11:47:17.481Z"}
{"level":"info","message":"::1 - - [04/Oct/2025:11:47:35 +0000] \"POST /auth/phone/send-otp HTTP/1.1\" 201 2 \"-\" \"-\"","service":"acquisitions-api","timestamp":"2025-10-04T11:47:35.046Z"}
{"level":"info","message":"::1 - - [04/Oct/2025:11:47:46 +0000] \"POST /auth/phone/send-otp HTTP/1.1\" 201 2 \"-\" \"-\"","service":"acquisitions-api","timestamp":"2025-10-04T11:47:46.192Z"}
{"level":"info","message":"::1 - - [04/Oct/2025:11:49:25 +0000] \"POST /auth/phone/send-otp HTTP/1.1\" 201 2 \"-\" \"-\"","service":"acquisitions-api","timestamp":"2025-10-04T11:49:25.297Z"}
{"level":"info","message":"::1 - - [04/Oct/2025:11:49:33 +0000] \"POST /auth/phone/send-otp HTTP/1.1\" 201 2 \"-\" \"-\"","service":"acquisitions-api","timestamp":"2025-10-04T11:49:33.109Z"}
{"level":"info","message":"::1 - - [04/Oct/2025:11:49:49 +0000] \"POST /auth/phone/send-otp HTTP/1.1\" 201 2 \"-\" \"-\"","service":"acquisitions-api","timestamp":"2025-10-04T11:49:49.684Z"}
{"level":"info","message":"::1 - - [04/Oct/2025:11:49:57 +0000] \"POST /auth/phone/send-otp HTTP/1.1\" 201 2 \"-\" \"-\"","service":"acquisitions-api","timestamp":"2025-10-04T11:49:57.160Z"}
{"level":"info","message":"::1 - - [04/Oct/2025:11:50:13 +0000] \"POST /auth/phone/send-otp HTTP/1.1\" 201 2 \"-\" \"-\"","service":"acquisitions-api","timestamp":"2025-10-04T11:50:13.927Z"}
{"level":"info","message":"::1 - - [04/Oct/2025:11:51:56 +0000] \"POST /auth/phone/send-otp HTTP/1.1\" 201 2 \"-\" \"-\"","service":"acquisitions-api","timestamp":"2025-10-04T11:51:56.129Z"}
{"level":"info","message":"::1 - - [04/Oct/2025:11:52:15 +0000] \"POST /auth/phone/verify HTTP/1.1\" 400 13 \"-\" \"PostmanRuntime/7.37.3\"","service":"acquisitions-api","timestamp":"2025-10-04T11:52:15.610Z"}
{"level":"info","message":"::1 - - [04/Oct/2025:11:53:43 +0000] \"POST /auth/phone/send-otp HTTP/1.1\" 201 2 \"-\" \"-\"","service":"acquisitions-api","timestamp":"2025-10-04T11:53:43.078Z"}
{"level":"info","message":"::1 - - [04/Oct/2025:11:53:45 +0000] \"POST /auth/phone/verify HTTP/1.1\" 200 118 \"-\" \"PostmanRuntime/7.37.3\"","service":"acquisitions-api","timestamp":"2025-10-04T11:53:45.644Z"}
{"level":"info","message":"::1 - - [04/Oct/2025:11:54:20 +0000] \"POST /auth/phone/verify HTTP/1.1\" 200 4 \"-\" \"PostmanRuntime/7.37.3\"","service":"acquisitions-api","timestamp":"2025-10-04T11:54:20.483Z"}
{"level":"info","message":"::1 - - [04/Oct/2025:12:03:37 +0000] \"POST /auth/phone/verify HTTP/1.1\" 401 633 \"-\" \"PostmanRuntime/7.37.3\"","service":"acquisitions-api","timestamp":"2025-10-04T12:03:37.465Z"}
{"level":"info","message":"::1 - - [04/Oct/2025:12:04:11 +0000] \"POST /auth/phone/verify HTTP/1.1\" 401 27 \"-\" \"PostmanRuntime/7.37.3\"","service":"acquisitions-api","timestamp":"2025-10-04T12:04:11.906Z"}
{"level":"info","message":"::1 - - [04/Oct/2025:12:19:14 +0000] \"POST /auth/phone/send-otp HTTP/1.1\" 201 2 \"-\" \"-\"","service":"acquisitions-api","timestamp":"2025-10-04T12:19:14.937Z"}
{"level":"info","message":"::1 - - [04/Oct/2025:12:19:23 +0000] \"POST /auth/phone/verify HTTP/1.1\" 401 27 \"-\" \"PostmanRuntime/7.37.3\"","service":"acquisitions-api","timestamp":"2025-10-04T12:19:23.701Z"}
{"level":"info","message":"::1 - - [04/Oct/2025:12:19:27 +0000] \"POST /auth/phone/verify HTTP/1.1\" 401 27 \"-\" \"PostmanRuntime/7.37.3\"","service":"acquisitions-api","timestamp":"2025-10-04T12:19:27.229Z"}
{"level":"info","message":"::1 - - [04/Oct/2025:12:19:35 +0000] \"POST /auth/phone/verify HTTP/1.1\" 401 27 \"-\" \"PostmanRuntime/7.37.3\"","service":"acquisitions-api","timestamp":"2025-10-04T12:19:35.434Z"}
{"level":"info","message":"::1 - - [04/Oct/2025:12:20:15 +0000] \"POST /auth/phone/verify HTTP/1.1\" 401 27 \"-\" \"PostmanRuntime/7.37.3\"","service":"acquisitions-api","timestamp":"2025-10-04T12:20:15.623Z"}
{"level":"info","message":"::1 - - [04/Oct/2025:12:21:11 +0000] \"POST /auth/phone/verify HTTP/1.1\" 500 2 \"-\" \"PostmanRuntime/7.37.3\"","service":"acquisitions-api","timestamp":"2025-10-04T12:21:11.454Z"}
{"level":"info","message":"::1 - - [04/Oct/2025:12:21:56 +0000] \"POST /auth/phone/verify HTTP/1.1\" 401 27 \"-\" \"PostmanRuntime/7.37.3\"","service":"acquisitions-api","timestamp":"2025-10-04T12:21:56.070Z"}
{"level":"info","message":"::1 - - [04/Oct/2025:12:22:19 +0000] \"POST /auth/phone/verify HTTP/1.1\" 401 27 \"-\" \"PostmanRuntime/7.37.3\"","service":"acquisitions-api","timestamp":"2025-10-04T12:22:19.316Z"}
{"level":"info","message":"::1 - - [04/Oct/2025:12:22:52 +0000] \"POST /auth/phone/send-otp HTTP/1.1\" 201 2 \"-\" \"-\"","service":"acquisitions-api","timestamp":"2025-10-04T12:22:52.075Z"}
{"level":"info","message":"::1 - - [04/Oct/2025:12:22:53 +0000] \"POST /auth/phone/verify HTTP/1.1\" 401 27 \"-\" \"PostmanRuntime/7.37.3\"","service":"acquisitions-api","timestamp":"2025-10-04T12:22:53.617Z"}
{"level":"info","message":"::1 - - [04/Oct/2025:12:24:00 +0000] \"POST /auth/phone/send-otp HTTP/1.1\" 201 2 \"-\" \"-\"","service":"acquisitions-api","timestamp":"2025-10-04T12:24:00.925Z"}
{"level":"info","message":"::1 - - [04/Oct/2025:12:24:02 +0000] \"POST /auth/phone/verify HTTP/1.1\" 400 25 \"-\" \"PostmanRuntime/7.37.3\"","service":"acquisitions-api","timestamp":"2025-10-04T12:24:02.951Z"}
{"level":"info","message":"::1 - - [04/Oct/2025:12:24:31 +0000] \"POST /auth/phone/verify HTTP/1.1\" 200 336 \"-\" \"PostmanRuntime/7.37.3\"","service":"acquisitions-api","timestamp":"2025-10-04T12:24:31.307Z"}
{"level":"info","message":"::1 - - [04/Oct/2025:12:26:19 +0000] \"POST /auth/phone/verify HTTP/1.1\" 400 13 \"-\" \"PostmanRuntime/7.37.3\"","service":"acquisitions-api","timestamp":"2025-10-04T12:26:19.528Z"}
{"level":"info","message":"::1 - - [04/Oct/2025:12:26:43 +0000] \"POST /auth/phone/verify HTTP/1.1\" 400 33 \"-\" \"PostmanRuntime/7.37.3\"","service":"acquisitions-api","timestamp":"2025-10-04T12:26:43.862Z"}
{"level":"info","message":"::1 - - [04/Oct/2025:12:26:55 +0000] \"POST /auth/phone/verify HTTP/1.1\" 400 45 \"-\" \"PostmanRuntime/7.37.3\"","service":"acquisitions-api","timestamp":"2025-10-04T12:26:55.480Z"}
{"level":"info","message":"::1 - - [04/Oct/2025:12:27:02 +0000] \"POST /auth/phone/send-otp HTTP/1.1\" 201 2 \"-\" \"-\"","service":"acquisitions-api","timestamp":"2025-10-04T12:27:02.116Z"}
{"level":"info","message":"::1 - - [04/Oct/2025:12:27:04 +0000] \"POST /auth/phone/verify HTTP/1.1\" 400 25 \"-\" \"PostmanRuntime/7.37.3\"","service":"acquisitions-api","timestamp":"2025-10-04T12:27:04.519Z"}
{"level":"info","message":"::1 - - [04/Oct/2025:12:32:44 +0000] \"POST /auth/phone/send-otp HTTP/1.1\" 201 2 \"-\" \"-\"","service":"acquisitions-api","timestamp":"2025-10-04T12:32:44.651Z"}
{"level":"info","message":"::1 - - [04/Oct/2025:12:32:48 +0000] \"POST /auth/phone/verify HTTP/1.1\" 400 25 \"-\" \"PostmanRuntime/7.37.3\"","service":"acquisitions-api","timestamp":"2025-10-04T12:32:48.726Z"}
{"level":"info","message":"::1 - - [04/Oct/2025:12:34:51 +0000] \"POST /auth/phone/verify HTTP/1.1\" 401 27 \"-\" \"PostmanRuntime/7.37.3\"","service":"acquisitions-api","timestamp":"2025-10-04T12:34:51.905Z"}
{"level":"info","message":"::1 - - [04/Oct/2025:12:35:00 +0000] \"POST /auth/phone/send-otp HTTP/1.1\" 201 2 \"-\" \"-\"","service":"acquisitions-api","timestamp":"2025-10-04T12:35:00.026Z"}
{"level":"info","message":"::1 - - [04/Oct/2025:12:35:39 +0000] \"POST /auth/phone/verify HTTP/1.1\" 200 345 \"-\" \"PostmanRuntime/7.37.3\"","service":"acquisitions-api","timestamp":"2025-10-04T12:35:39.036Z"}
{"level":"info","message":"::1 - - [04/Oct/2025:12:37:48 +0000] \"DELETE /auth/phone/delete HTTP/1.1\" 200 29 \"-\" \"PostmanRuntime/7.37.3\"","service":"acquisitions-api","timestamp":"2025-10-04T12:37:48.305Z"}
{"level":"info","message":"::1 - - [04/Oct/2025:12:37:56 +0000] \"POST /auth/phone/send-otp HTTP/1.1\" 201 2 \"-\" \"-\"","service":"acquisitions-api","timestamp":"2025-10-04T12:37:56.227Z"}
{"level":"info","message":"::1 - - [04/Oct/2025:12:38:04 +0000] \"POST /auth/phone/verify HTTP/1.1\" 401 183 \"-\" \"PostmanRuntime/7.37.3\"","service":"acquisitions-api","timestamp":"2025-10-04T12:38:04.281Z"}
{"level":"info","message":"::1 - - [04/Oct/2025:12:38:16 +0000] \"POST /auth/phone/verify HTTP/1.1\" 400 25 \"-\" \"PostmanRuntime/7.37.3\"","service":"acquisitions-api","timestamp":"2025-10-04T12:38:16.282Z"}
{"level":"info","message":"::1 - - [04/Oct/2025:12:44:51 +0000] \"POST /auth/phone/send-otp HTTP/1.1\" 201 2 \"-\" \"-\"","service":"acquisitions-api","timestamp":"2025-10-04T12:44:51.123Z"}
{"level":"info","message":"::1 - - [04/Oct/2025:12:44:54 +0000] \"POST /auth/phone/verify HTTP/1.1\" 400 25 \"-\" \"PostmanRuntime/7.37.3\"","service":"acquisitions-api","timestamp":"2025-10-04T12:44:54.346Z"}
{"level":"info","message":"::1 - - [04/Oct/2025:12:45:14 +0000] \"POST /auth/phone/verify HTTP/1.1\" 400 45 \"-\" \"PostmanRuntime/7.37.3\"","service":"acquisitions-api","timestamp":"2025-10-04T12:45:14.414Z"}
{"level":"info","message":"::1 - - [04/Oct/2025:12:45:31 +0000] \"POST /auth/phone/send-otp HTTP/1.1\" 201 2 \"-\" \"-\"","service":"acquisitions-api","timestamp":"2025-10-04T12:45:31.669Z"}
{"level":"info","message":"::1 - - [04/Oct/2025:12:45:41 +0000] \"DELETE /auth/phone/delete HTTP/1.1\" 200 29 \"-\" \"PostmanRuntime/7.37.3\"","service":"acquisitions-api","timestamp":"2025-10-04T12:45:41.533Z"}
{"level":"info","message":"::1 - - [04/Oct/2025:12:45:46 +0000] \"POST /auth/phone/verify HTTP/1.1\" 400 25 \"-\" \"PostmanRuntime/7.37.3\"","service":"acquisitions-api","timestamp":"2025-10-04T12:45:46.735Z"}
{"level":"info","message":"::1 - - [04/Oct/2025:12:47:35 +0000] \"GET /auth/users HTTP/1.1\" 200 2 \"-\" \"PostmanRuntime/7.37.3\"","service":"acquisitions-api","timestamp":"2025-10-04T12:47:35.324Z"}
{"level":"info","message":"::1 - - [04/Oct/2025:12:49:22 +0000] \"POST /auth/phone/send-otp HTTP/1.1\" 201 2 \"-\" \"-\"","service":"acquisitions-api","timestamp":"2025-10-04T12:49:22.534Z"}
{"level":"info","message":"::1 - - [04/Oct/2025:12:50:03 +0000] \"POST /auth/phone/verify HTTP/1.1\" 400 45 \"-\" \"PostmanRuntime/7.37.3\"","service":"acquisitions-api","timestamp":"2025-10-04T12:50:03.379Z"}
{"level":"info","message":"::1 - - [04/Oct/2025:12:50:07 +0000] \"POST /auth/phone/send-otp HTTP/1.1\" 201 2 \"-\" \"-\"","service":"acquisitions-api","timestamp":"2025-10-04T12:50:07.931Z"}
{"level":"info","message":"::1 - - [04/Oct/2025:12:50:18 +0000] \"POST /auth/phone/verify HTTP/1.1\" 200 391 \"-\" \"PostmanRuntime/7.37.3\"","service":"acquisitions-api","timestamp":"2025-10-04T12:50:18.709Z"}
{"level":"info","message":"::1 - - [04/Oct/2025:12:50:30 +0000] \"POST /auth/phone/send-otp HTTP/1.1\" 201 2 \"-\" \"-\"","service":"acquisitions-api","timestamp":"2025-10-04T12:50:30.656Z"}
{"level":"info","message":"::1 - - [04/Oct/2025:12:50:43 +0000] \"POST /auth/phone/verify HTTP/1.1\" 200 398 \"-\" \"PostmanRuntime/7.37.3\"","service":"acquisitions-api","timestamp":"2025-10-04T12:50:43.231Z"}
{"level":"info","message":"::1 - - [04/Oct/2025:12:50:45 +0000] \"POST /auth/phone/verify HTTP/1.1\" 400 45 \"-\" \"PostmanRuntime/7.37.3\"","service":"acquisitions-api","timestamp":"2025-10-04T12:50:45.425Z"}
